\BOOKMARK [0][-]{chapter.1}{\376\377\0001\000\040\000N\000a\000m\000e\000s\000p\000a\000c\000e\000\040\000I\000n\000d\000e\000x}{}% 1
\BOOKMARK [1][-]{section.1.1}{\376\377\0001\000.\0001\000\040\000N\000a\000m\000e\000s\000p\000a\000c\000e\000\040\000L\000i\000s\000t}{chapter.1}% 2
\BOOKMARK [0][-]{chapter.2}{\376\377\0002\000\040\000D\000a\000t\000a\000\040\000S\000t\000r\000u\000c\000t\000u\000r\000e\000\040\000I\000n\000d\000e\000x}{}% 3
\BOOKMARK [1][-]{section.2.1}{\376\377\0002\000.\0001\000\040\000D\000a\000t\000a\000\040\000S\000t\000r\000u\000c\000t\000u\000r\000e\000s}{chapter.2}% 4
\BOOKMARK [0][-]{chapter.3}{\376\377\0003\000\040\000F\000i\000l\000e\000\040\000I\000n\000d\000e\000x}{}% 5
\BOOKMARK [1][-]{section.3.1}{\376\377\0003\000.\0001\000\040\000F\000i\000l\000e\000\040\000L\000i\000s\000t}{chapter.3}% 6
\BOOKMARK [0][-]{chapter.4}{\376\377\0004\000\040\000N\000a\000m\000e\000s\000p\000a\000c\000e\000\040\000D\000o\000c\000u\000m\000e\000n\000t\000a\000t\000i\000o\000n}{}% 7
\BOOKMARK [1][-]{section.4.1}{\376\377\0004\000.\0001\000\040\000c\000e\0001\0000\0003\000\137\000h\000w\0005\000\137\000s\000n\000a\000k\000e\000\137\000a\000p\000p\000\040\000N\000a\000m\000e\000s\000p\000a\000c\000e\000\040\000R\000e\000f\000e\000r\000e\000n\000c\000e}{chapter.4}% 8
\BOOKMARK [1][-]{section.4.2}{\376\377\0004\000.\0002\000\040\000c\000e\0001\0000\0003\000\137\000h\000w\0005\000\137\000s\000n\000a\000k\000e\000\137\000d\000l\000l\000\040\000N\000a\000m\000e\000s\000p\000a\000c\000e\000\040\000R\000e\000f\000e\000r\000e\000n\000c\000e}{chapter.4}% 9
\BOOKMARK [1][-]{section.4.3}{\376\377\0004\000.\0003\000\040\000c\000e\0001\0000\0003\000\137\000h\000w\0005\000\137\000s\000n\000a\000k\000e\000\137\000t\000e\000s\000t\000\040\000N\000a\000m\000e\000s\000p\000a\000c\000e\000\040\000R\000e\000f\000e\000r\000e\000n\000c\000e}{chapter.4}% 10
\BOOKMARK [0][-]{chapter.5}{\376\377\0005\000\040\000D\000a\000t\000a\000\040\000S\000t\000r\000u\000c\000t\000u\000r\000e\000\040\000D\000o\000c\000u\000m\000e\000n\000t\000a\000t\000i\000o\000n}{}% 11
\BOOKMARK [1][-]{section.5.1}{\376\377\0005\000.\0001\000\040\000c\000e\0001\0000\0003\000\137\000h\000w\0005\000\137\000s\000n\000a\000k\000e\000\137\000d\000l\000l\000.\000C\000l\000a\000s\000s\0001\000\040\000C\000l\000a\000s\000s\000\040\000R\000e\000f\000e\000r\000e\000n\000c\000e}{chapter.5}% 12
\BOOKMARK [2][-]{subsection.5.1.1}{\376\377\0005\000.\0001\000.\0001\000\040\000M\000e\000m\000b\000e\000r\000\040\000F\000u\000n\000c\000t\000i\000o\000n\000\040\000D\000o\000c\000u\000m\000e\000n\000t\000a\000t\000i\000o\000n}{section.5.1}% 13
\BOOKMARK [3][-]{subsubsection.5.1.1.1}{\376\377\0005\000.\0001\000.\0001\000.\0001\000\040\000c\000h\000e\000c\000k\000K\000e\000y\000s\000P\000r\000e\000s\000s\000e\000d\000\050\000\051}{subsection.5.1.1}% 14
\BOOKMARK [3][-]{subsubsection.5.1.1.2}{\376\377\0005\000.\0001\000.\0001\000.\0002\000\040\000c\000o\000l\000l\000i\000s\000i\000o\000n\000D\000e\000t\000e\000c\000t\000i\000o\000n\000\050\000\051}{subsection.5.1.1}% 15
\BOOKMARK [3][-]{subsubsection.5.1.1.3}{\376\377\0005\000.\0001\000.\0001\000.\0003\000\040\000c\000o\000l\000l\000i\000s\000i\000o\000n\000S\000n\000a\000k\000e\000\050\000\051}{subsection.5.1.1}% 16
\BOOKMARK [3][-]{subsubsection.5.1.1.4}{\376\377\0005\000.\0001\000.\0001\000.\0004\000\040\000c\000o\000n\000t\000r\000o\000l\000s\000\050\000\051}{subsection.5.1.1}% 17
\BOOKMARK [3][-]{subsubsection.5.1.1.5}{\376\377\0005\000.\0001\000.\0001\000.\0005\000\040\000e\000a\000t\000F\000o\000o\000d\000\050\000\051}{subsection.5.1.1}% 18
\BOOKMARK [3][-]{subsubsection.5.1.1.6}{\376\377\0005\000.\0001\000.\0001\000.\0006\000\040\000e\000x\000i\000t\000Y\000N\000\050\000\051}{subsection.5.1.1}% 19
\BOOKMARK [3][-]{subsubsection.5.1.1.7}{\376\377\0005\000.\0001\000.\0001\000.\0007\000\040\000g\000a\000m\000e\000O\000v\000e\000r\000S\000c\000r\000e\000e\000n\000\050\000\051}{subsection.5.1.1}% 20
\BOOKMARK [3][-]{subsubsection.5.1.1.8}{\376\377\0005\000.\0001\000.\0001\000.\0008\000\040\000g\000e\000n\000e\000r\000a\000t\000e\000F\000o\000o\000d\000\050\000\051}{subsection.5.1.1}% 21
\BOOKMARK [3][-]{subsubsection.5.1.1.9}{\376\377\0005\000.\0001\000.\0001\000.\0009\000\040\000g\000e\000t\000G\000a\000m\000e\000S\000p\000e\000e\000d\000\050\000\051}{subsection.5.1.1}% 22
\BOOKMARK [3][-]{subsubsection.5.1.1.10}{\376\377\0005\000.\0001\000.\0001\000.\0001\0000\000\040\000l\000o\000a\000d\000E\000n\000v\000i\000r\000o\000m\000e\000n\000t\000\050\000\051}{subsection.5.1.1}% 23
\BOOKMARK [3][-]{subsubsection.5.1.1.11}{\376\377\0005\000.\0001\000.\0001\000.\0001\0001\000\040\000l\000o\000a\000d\000G\000a\000m\000e\000\050\000\051}{subsection.5.1.1}% 24
\BOOKMARK [3][-]{subsubsection.5.1.1.12}{\376\377\0005\000.\0001\000.\0001\000.\0001\0002\000\040\000l\000o\000a\000d\000S\000n\000a\000k\000e\000\050\000\051}{subsection.5.1.1}% 25
\BOOKMARK [3][-]{subsubsection.5.1.1.13}{\376\377\0005\000.\0001\000.\0001\000.\0001\0003\000\040\000m\000a\000i\000n\000\050\000\051}{subsection.5.1.1}% 26
\BOOKMARK [3][-]{subsubsection.5.1.1.14}{\376\377\0005\000.\0001\000.\0001\000.\0001\0004\000\040\000m\000a\000i\000n\000M\000e\000n\000u\000\050\000\051}{subsection.5.1.1}% 27
\BOOKMARK [3][-]{subsubsection.5.1.1.15}{\376\377\0005\000.\0001\000.\0001\000.\0001\0005\000\040\000m\000e\000n\000u\000S\000e\000l\000e\000c\000t\000o\000r\000\050\000\051}{subsection.5.1.1}% 28
\BOOKMARK [3][-]{subsubsection.5.1.1.16}{\376\377\0005\000.\0001\000.\0001\000.\0001\0006\000\040\000m\000o\000v\000e\000\050\000\051}{subsection.5.1.1}% 29
\BOOKMARK [3][-]{subsubsection.5.1.1.17}{\376\377\0005\000.\0001\000.\0001\000.\0001\0007\000\040\000M\000o\000v\000e\000S\000n\000a\000k\000e\000A\000r\000r\000a\000y\000\050\000\051}{subsection.5.1.1}% 30
\BOOKMARK [3][-]{subsubsection.5.1.1.18}{\376\377\0005\000.\0001\000.\0001\000.\0001\0008\000\040\000p\000a\000u\000s\000e\000M\000e\000n\000u\000\050\000\051}{subsection.5.1.1}% 31
\BOOKMARK [3][-]{subsubsection.5.1.1.19}{\376\377\0005\000.\0001\000.\0001\000.\0001\0009\000\040\000p\000r\000e\000p\000a\000i\000r\000S\000n\000a\000k\000e\000A\000r\000r\000a\000y\000\050\000\051}{subsection.5.1.1}% 32
\BOOKMARK [3][-]{subsubsection.5.1.1.20}{\376\377\0005\000.\0001\000.\0001\000.\0002\0000\000\040\000r\000e\000f\000r\000e\000s\000h\000I\000n\000f\000o\000B\000a\000r\000\050\000\051}{subsection.5.1.1}% 33
\BOOKMARK [3][-]{subsubsection.5.1.1.21}{\376\377\0005\000.\0001\000.\0001\000.\0002\0001\000\040\000s\000t\000a\000r\000t\000G\000a\000m\000e\000\050\000\051}{subsection.5.1.1}% 34
\BOOKMARK [3][-]{subsubsection.5.1.1.22}{\376\377\0005\000.\0001\000.\0001\000.\0002\0002\000\040\000w\000a\000i\000t\000F\000o\000r\000A\000n\000y\000K\000e\000y\000\050\000\051}{subsection.5.1.1}% 35
\BOOKMARK [3][-]{subsubsection.5.1.1.23}{\376\377\0005\000.\0001\000.\0001\000.\0002\0003\000\040\000w\000e\000l\000c\000o\000m\000e\000A\000r\000t\000\050\000\051}{subsection.5.1.1}% 36
\BOOKMARK [3][-]{subsubsection.5.1.1.24}{\376\377\0005\000.\0001\000.\0001\000.\0002\0004\000\040\000y\000o\000u\000W\000i\000n\000S\000c\000r\000e\000e\000n\000\050\000\051}{subsection.5.1.1}% 37
\BOOKMARK [2][-]{subsection.5.1.2}{\376\377\0005\000.\0001\000.\0002\000\040\000F\000i\000e\000l\000d\000\040\000D\000o\000c\000u\000m\000e\000n\000t\000a\000t\000i\000o\000n}{section.5.1}% 38
\BOOKMARK [3][-]{subsubsection.5.1.2.1}{\376\377\0005\000.\0001\000.\0002\000.\0001\000\040\000B\000L\000A\000N\000K}{subsection.5.1.2}% 39
\BOOKMARK [3][-]{subsubsection.5.1.2.2}{\376\377\0005\000.\0001\000.\0002\000.\0002\000\040\000D\000O\000W\000N\000\137\000A\000R\000R\000O\000W}{subsection.5.1.2}% 40
\BOOKMARK [3][-]{subsubsection.5.1.2.3}{\376\377\0005\000.\0001\000.\0002\000.\0003\000\040\000E\000N\000T\000E\000R\000\137\000K\000E\000Y}{subsection.5.1.2}% 41
\BOOKMARK [3][-]{subsubsection.5.1.2.4}{\376\377\0005\000.\0001\000.\0002\000.\0004\000\040\000E\000X\000I\000T\000\137\000B\000U\000T\000T\000O\000N}{subsection.5.1.2}% 42
\BOOKMARK [3][-]{subsubsection.5.1.2.5}{\376\377\0005\000.\0001\000.\0002\000.\0005\000\040\000F\000O\000O\000D}{subsection.5.1.2}% 43
\BOOKMARK [3][-]{subsubsection.5.1.2.6}{\376\377\0005\000.\0001\000.\0002\000.\0006\000\040\000L\000E\000F\000T\000\137\000A\000R\000R\000O\000W}{subsection.5.1.2}% 44
\BOOKMARK [3][-]{subsubsection.5.1.2.7}{\376\377\0005\000.\0001\000.\0002\000.\0007\000\040\000P\000A\000U\000S\000E\000\137\000B\000U\000T\000T\000O\000N}{subsection.5.1.2}% 45
\BOOKMARK [3][-]{subsubsection.5.1.2.8}{\376\377\0005\000.\0001\000.\0002\000.\0008\000\040\000R\000I\000G\000H\000T\000\137\000A\000R\000R\000O\000W}{subsection.5.1.2}% 46
\BOOKMARK [3][-]{subsubsection.5.1.2.9}{\376\377\0005\000.\0001\000.\0002\000.\0009\000\040\000S\000N\000A\000K\000E\000\137\000A\000R\000R\000A\000Y\000\137\000S\000I\000Z\000E}{subsection.5.1.2}% 47
\BOOKMARK [3][-]{subsubsection.5.1.2.10}{\376\377\0005\000.\0001\000.\0002\000.\0001\0000\000\040\000S\000N\000A\000K\000E\000\137\000B\000O\000D\000Y}{subsection.5.1.2}% 48
\BOOKMARK [3][-]{subsubsection.5.1.2.11}{\376\377\0005\000.\0001\000.\0002\000.\0001\0001\000\040\000S\000N\000A\000K\000E\000\137\000H\000E\000A\000D}{subsection.5.1.2}% 49
\BOOKMARK [3][-]{subsubsection.5.1.2.12}{\376\377\0005\000.\0001\000.\0002\000.\0001\0002\000\040\000U\000P\000\137\000A\000R\000R\000O\000W}{subsection.5.1.2}% 50
\BOOKMARK [3][-]{subsubsection.5.1.2.13}{\376\377\0005\000.\0001\000.\0002\000.\0001\0003\000\040\000W\000A\000L\000L}{subsection.5.1.2}% 51
\BOOKMARK [1][-]{section.5.2}{\376\377\0005\000.\0002\000\040\000c\000e\0001\0000\0003\000\137\000h\000w\0005\000\137\000s\000n\000a\000k\000e\000\137\000a\000p\000p\000.\000P\000r\000o\000g\000r\000a\000m\000\040\000C\000l\000a\000s\000s\000\040\000R\000e\000f\000e\000r\000e\000n\000c\000e}{chapter.5}% 52
\BOOKMARK [2][-]{subsection.5.2.1}{\376\377\0005\000.\0002\000.\0001\000\040\000M\000e\000m\000b\000e\000r\000\040\000F\000u\000n\000c\000t\000i\000o\000n\000\040\000D\000o\000c\000u\000m\000e\000n\000t\000a\000t\000i\000o\000n}{section.5.2}% 53
\BOOKMARK [3][-]{subsubsection.5.2.1.1}{\376\377\0005\000.\0002\000.\0001\000.\0001\000\040\000M\000a\000i\000n\000\050\000\051}{subsection.5.2.1}% 54
\BOOKMARK [1][-]{section.5.3}{\376\377\0005\000.\0003\000\040\000c\000e\0001\0000\0003\000\137\000h\000w\0005\000\137\000s\000n\000a\000k\000e\000\137\000t\000e\000s\000t\000.\000U\000n\000i\000t\000T\000e\000s\000t\0001\000\040\000C\000l\000a\000s\000s\000\040\000R\000e\000f\000e\000r\000e\000n\000c\000e}{chapter.5}% 55
\BOOKMARK [2][-]{subsection.5.3.1}{\376\377\0005\000.\0003\000.\0001\000\040\000M\000e\000m\000b\000e\000r\000\040\000F\000u\000n\000c\000t\000i\000o\000n\000\040\000D\000o\000c\000u\000m\000e\000n\000t\000a\000t\000i\000o\000n}{section.5.3}% 56
\BOOKMARK [3][-]{subsubsection.5.3.1.1}{\376\377\0005\000.\0003\000.\0001\000.\0001\000\040\000c\000o\000l\000l\000i\000s\000i\000o\000n\000D\000e\000t\000e\000c\000t\000i\000o\000n\000\137\000t\000e\000s\000t\000\137\0001\000\050\000\051}{subsection.5.3.1}% 57
\BOOKMARK [3][-]{subsubsection.5.3.1.2}{\376\377\0005\000.\0003\000.\0001\000.\0002\000\040\000c\000o\000l\000l\000i\000s\000i\000o\000n\000D\000e\000t\000e\000c\000t\000i\000o\000n\000\137\000t\000e\000s\000t\000\137\0002\000\050\000\051}{subsection.5.3.1}% 58
\BOOKMARK [3][-]{subsubsection.5.3.1.3}{\376\377\0005\000.\0003\000.\0001\000.\0003\000\040\000c\000o\000l\000l\000i\000s\000i\000o\000n\000D\000e\000t\000e\000c\000t\000i\000o\000n\000\137\000t\000e\000s\000t\000\137\0003\000\050\000\051}{subsection.5.3.1}% 59
\BOOKMARK [3][-]{subsubsection.5.3.1.4}{\376\377\0005\000.\0003\000.\0001\000.\0004\000\040\000c\000o\000l\000l\000i\000s\000i\000o\000n\000S\000n\000a\000k\000e\000\137\000t\000e\000s\000t\000\137\0001\000\050\000\051}{subsection.5.3.1}% 60
\BOOKMARK [3][-]{subsubsection.5.3.1.5}{\376\377\0005\000.\0003\000.\0001\000.\0005\000\040\000c\000o\000l\000l\000i\000s\000i\000o\000n\000S\000n\000a\000k\000e\000\137\000t\000e\000s\000t\000\137\0002\000\050\000\051}{subsection.5.3.1}% 61
\BOOKMARK [3][-]{subsubsection.5.3.1.6}{\376\377\0005\000.\0003\000.\0001\000.\0006\000\040\000c\000o\000l\000l\000i\000s\000i\000o\000n\000S\000n\000a\000k\000e\000\137\000t\000e\000s\000t\000\137\0003\000\050\000\051}{subsection.5.3.1}% 62
\BOOKMARK [3][-]{subsubsection.5.3.1.7}{\376\377\0005\000.\0003\000.\0001\000.\0007\000\040\000E\000a\000t\000f\000o\000o\000d\000\137\000t\000e\000s\000t\000\137\0001\000\050\000\051}{subsection.5.3.1}% 63
\BOOKMARK [3][-]{subsubsection.5.3.1.8}{\376\377\0005\000.\0003\000.\0001\000.\0008\000\040\000E\000a\000t\000f\000o\000o\000d\000\137\000t\000e\000s\000t\000\137\0002\000\050\000\051}{subsection.5.3.1}% 64
\BOOKMARK [3][-]{subsubsection.5.3.1.9}{\376\377\0005\000.\0003\000.\0001\000.\0009\000\040\000E\000a\000t\000f\000o\000o\000d\000\137\000t\000e\000s\000t\000\137\0003\000\050\000\051}{subsection.5.3.1}% 65
\BOOKMARK [0][-]{chapter.6}{\376\377\0006\000\040\000F\000i\000l\000e\000\040\000D\000o\000c\000u\000m\000e\000n\000t\000a\000t\000i\000o\000n}{}% 66
\BOOKMARK [1][-]{section.6.1}{\376\377\0006\000.\0001\000\040\000C\000:\000/\000U\000s\000e\000r\000s\000/\000R\000a\000m\000a\000z\000a\000n\000\040\000S\000e\000r\000h\000a\000t\000\040\000U\000Y\000G\000U\000N\000/\000D\000e\000s\000k\000t\000o\000p\000/\000b\000/\000c\000e\0001\0000\0003\000-\000h\000w\0005\000-\000H\000a\000l\000u\000k\000-\000K\000U\000R\000T\000U\000L\000U\000S\000/\000c\000e\0001\0000\0003\000-\000h\000w\0005\000-\000s\000n\000a\000k\000e\000-\000a\000p\000p\000/\000o\000b\000j\000/\000D\000e\000b\000u\000g\000/\000.\000N\000E\000T\000F\000r\000a\000m\000e\000w\000o\000r\000k\000,\000V\000e\000r\000s\000i\000o\000n\000=\000v\0004\000.\0007\000.\0002\000.\000A\000s\000s\000e\000m\000b\000l\000y\000A\000t\000t\000r\000i\000b\000u\000t\000e\000s\000.\000c\000s\000\040\000F\000i\000l\000e\000\040\000R\000e\000f\000e\000r\000e\000n\000c\000e}{chapter.6}% 67
\BOOKMARK [1][-]{section.6.2}{\376\377\0006\000.\0002\000\040\000C\000:\000/\000U\000s\000e\000r\000s\000/\000R\000a\000m\000a\000z\000a\000n\000\040\000S\000e\000r\000h\000a\000t\000\040\000U\000Y\000G\000U\000N\000/\000D\000e\000s\000k\000t\000o\000p\000/\000b\000/\000c\000e\0001\0000\0003\000-\000h\000w\0005\000-\000H\000a\000l\000u\000k\000-\000K\000U\000R\000T\000U\000L\000U\000S\000/\000c\000e\0001\0000\0003\000-\000h\000w\0005\000-\000s\000n\000a\000k\000e\000-\000d\000l\000l\000/\000o\000b\000j\000/\000D\000e\000b\000u\000g\000/\000.\000N\000E\000T\000F\000r\000a\000m\000e\000w\000o\000r\000k\000,\000V\000e\000r\000s\000i\000o\000n\000=\000v\0004\000.\0007\000.\0002\000.\000A\000s\000s\000e\000m\000b\000l\000y\000A\000t\000t\000r\000i\000b\000u\000t\000e\000s\000.\000c\000s\000\040\000F\000i\000l\000e\000\040\000R\000e\000f\000e\000r\000e\000n\000c\000e}{chapter.6}% 68
\BOOKMARK [1][-]{section.6.3}{\376\377\0006\000.\0003\000\040\000C\000:\000/\000U\000s\000e\000r\000s\000/\000R\000a\000m\000a\000z\000a\000n\000\040\000S\000e\000r\000h\000a\000t\000\040\000U\000Y\000G\000U\000N\000/\000D\000e\000s\000k\000t\000o\000p\000/\000b\000/\000c\000e\0001\0000\0003\000-\000h\000w\0005\000-\000H\000a\000l\000u\000k\000-\000K\000U\000R\000T\000U\000L\000U\000S\000/\000c\000e\0001\0000\0003\000-\000h\000w\0005\000-\000s\000n\000a\000k\000e\000-\000t\000e\000s\000t\000/\000o\000b\000j\000/\000D\000e\000b\000u\000g\000/\000.\000N\000E\000T\000F\000r\000a\000m\000e\000w\000o\000r\000k\000,\000V\000e\000r\000s\000i\000o\000n\000=\000v\0004\000.\0007\000.\0002\000.\000A\000s\000s\000e\000m\000b\000l\000y\000A\000t\000t\000r\000i\000b\000u\000t\000e\000s\000.\000c\000s\000\040\000F\000i\000l\000e\000\040\000R\000e\000f\000e\000r\000e\000n\000c\000e}{chapter.6}% 69
\BOOKMARK [1][-]{section.6.4}{\376\377\0006\000.\0004\000\040\000C\000:\000/\000U\000s\000e\000r\000s\000/\000R\000a\000m\000a\000z\000a\000n\000\040\000S\000e\000r\000h\000a\000t\000\040\000U\000Y\000G\000U\000N\000/\000D\000e\000s\000k\000t\000o\000p\000/\000b\000/\000c\000e\0001\0000\0003\000-\000h\000w\0005\000-\000H\000a\000l\000u\000k\000-\000K\000U\000R\000T\000U\000L\000U\000S\000/\000c\000e\0001\0000\0003\000-\000h\000w\0005\000-\000s\000n\000a\000k\000e\000-\000a\000p\000p\000/\000P\000r\000o\000g\000r\000a\000m\000.\000c\000s\000\040\000F\000i\000l\000e\000\040\000R\000e\000f\000e\000r\000e\000n\000c\000e}{chapter.6}% 70
\BOOKMARK [1][-]{section.6.5}{\376\377\0006\000.\0005\000\040\000C\000:\000/\000U\000s\000e\000r\000s\000/\000R\000a\000m\000a\000z\000a\000n\000\040\000S\000e\000r\000h\000a\000t\000\040\000U\000Y\000G\000U\000N\000/\000D\000e\000s\000k\000t\000o\000p\000/\000b\000/\000c\000e\0001\0000\0003\000-\000h\000w\0005\000-\000H\000a\000l\000u\000k\000-\000K\000U\000R\000T\000U\000L\000U\000S\000/\000c\000e\0001\0000\0003\000-\000h\000w\0005\000-\000s\000n\000a\000k\000e\000-\000a\000p\000p\000/\000P\000r\000o\000p\000e\000r\000t\000i\000e\000s\000/\000A\000s\000s\000e\000m\000b\000l\000y\000I\000n\000f\000o\000.\000c\000s\000\040\000F\000i\000l\000e\000\040\000R\000e\000f\000e\000r\000e\000n\000c\000e}{chapter.6}% 71
\BOOKMARK [1][-]{section.6.6}{\376\377\0006\000.\0006\000\040\000C\000:\000/\000U\000s\000e\000r\000s\000/\000R\000a\000m\000a\000z\000a\000n\000\040\000S\000e\000r\000h\000a\000t\000\040\000U\000Y\000G\000U\000N\000/\000D\000e\000s\000k\000t\000o\000p\000/\000b\000/\000c\000e\0001\0000\0003\000-\000h\000w\0005\000-\000H\000a\000l\000u\000k\000-\000K\000U\000R\000T\000U\000L\000U\000S\000/\000c\000e\0001\0000\0003\000-\000h\000w\0005\000-\000s\000n\000a\000k\000e\000-\000d\000l\000l\000/\000P\000r\000o\000p\000e\000r\000t\000i\000e\000s\000/\000A\000s\000s\000e\000m\000b\000l\000y\000I\000n\000f\000o\000.\000c\000s\000\040\000F\000i\000l\000e\000\040\000R\000e\000f\000e\000r\000e\000n\000c\000e}{chapter.6}% 72
\BOOKMARK [1][-]{section.6.7}{\376\377\0006\000.\0007\000\040\000C\000:\000/\000U\000s\000e\000r\000s\000/\000R\000a\000m\000a\000z\000a\000n\000\040\000S\000e\000r\000h\000a\000t\000\040\000U\000Y\000G\000U\000N\000/\000D\000e\000s\000k\000t\000o\000p\000/\000b\000/\000c\000e\0001\0000\0003\000-\000h\000w\0005\000-\000H\000a\000l\000u\000k\000-\000K\000U\000R\000T\000U\000L\000U\000S\000/\000c\000e\0001\0000\0003\000-\000h\000w\0005\000-\000s\000n\000a\000k\000e\000-\000t\000e\000s\000t\000/\000P\000r\000o\000p\000e\000r\000t\000i\000e\000s\000/\000A\000s\000s\000e\000m\000b\000l\000y\000I\000n\000f\000o\000.\000c\000s\000\040\000F\000i\000l\000e\000\040\000R\000e\000f\000e\000r\000e\000n\000c\000e}{chapter.6}% 73
\BOOKMARK [1][-]{section.6.8}{\376\377\0006\000.\0008\000\040\000C\000:\000/\000U\000s\000e\000r\000s\000/\000R\000a\000m\000a\000z\000a\000n\000\040\000S\000e\000r\000h\000a\000t\000\040\000U\000Y\000G\000U\000N\000/\000D\000e\000s\000k\000t\000o\000p\000/\000b\000/\000c\000e\0001\0000\0003\000-\000h\000w\0005\000-\000H\000a\000l\000u\000k\000-\000K\000U\000R\000T\000U\000L\000U\000S\000/\000c\000e\0001\0000\0003\000-\000h\000w\0005\000-\000s\000n\000a\000k\000e\000-\000d\000l\000l\000/\000C\000l\000a\000s\000s\0001\000.\000c\000s\000\040\000F\000i\000l\000e\000\040\000R\000e\000f\000e\000r\000e\000n\000c\000e}{chapter.6}% 74
\BOOKMARK [1][-]{section.6.9}{\376\377\0006\000.\0009\000\040\000C\000:\000/\000U\000s\000e\000r\000s\000/\000R\000a\000m\000a\000z\000a\000n\000\040\000S\000e\000r\000h\000a\000t\000\040\000U\000Y\000G\000U\000N\000/\000D\000e\000s\000k\000t\000o\000p\000/\000b\000/\000c\000e\0001\0000\0003\000-\000h\000w\0005\000-\000H\000a\000l\000u\000k\000-\000K\000U\000R\000T\000U\000L\000U\000S\000/\000c\000e\0001\0000\0003\000-\000h\000w\0005\000-\000s\000n\000a\000k\000e\000-\000t\000e\000s\000t\000/\000U\000n\000i\000t\000T\000e\000s\000t\0001\000.\000c\000s\000\040\000F\000i\000l\000e\000\040\000R\000e\000f\000e\000r\000e\000n\000c\000e}{chapter.6}% 75
\BOOKMARK [0][-]{section*.62}{\376\377\000I\000n\000d\000e\000x}{}% 76
